{"time": "2021-03-09 21:56:37,489", "name": "roboLog", "level": "INFO", "message": "Serial interface configured on /dev/ttyACM0@115200 Pyserisal version: 3.5"},
{"time": "2021-03-09 21:56:42,388", "name": "roboLog", "level": "INFO", "message": "System started. System time is: 21:56"},
{"time": "2021-03-09 21:56:42,388", "name": "roboLog", "level": "INFO", "message": "Current program: {'progID': '004', 'progName': 'Growth - quiet hours, low watering, more red light', 'pumpStartEvery': 7200, 'pumpRunTime': 15, 'pumpON': '08:00', 'pumpOFF': '21:00', 'lightBrightness': 255, 'RGB': '255 150 150', 'lightsON': '06:00', 'lightsOFF': '23:00', 'progDescription': 'Program seeds to small plants, less water.'}"},
{"time": "2021-03-09 21:56:42,389", "name": "roboLog", "level": "INFO", "message": "Background jobs: [<Job (id=checkL name=checkLights)>, <Job (id=checkP name=activatePump)>]"},
{"time": "2021-03-09 21:56:47,400", "name": "roboLog", "level": "INFO", "message": "Info from Arduino: Brightness set to: 255 (100%)"},
{"time": "2021-03-09 21:56:47,892", "name": "roboLog", "level": "INFO", "message": "RGB set to 255 150 150"},
{"time": "2021-03-09 21:56:47,904", "name": "roboLog", "level": "INFO", "message": "Info from Arduino: LED set to RGB: 255 150 150 "},
{"time": "2021-03-09 21:56:48,394", "name": "roboLog", "level": "INFO", "message": "Lights set to 255"},
{"time": "2021-03-09 22:27:01,852", "name": "roboLog", "level": "INFO", "message": "Serial interface configured on /dev/ttyACM0@115200 Pyserisal version: 3.5"},
{"time": "2021-03-09 22:27:06,670", "name": "roboLog", "level": "INFO", "message": "System started. System time is: 22:27"},
{"time": "2021-03-09 22:27:06,671", "name": "roboLog", "level": "INFO", "message": "Current program: {'progID': '004', 'progName': 'Growth - quiet hours, low watering, more red light', 'pumpStartEvery': 7200, 'pumpRunTime': 15, 'pumpON': '08:00', 'pumpOFF': '21:00', 'lightBrightness': 255, 'RGB': '255 150 150', 'lightsON': '06:00', 'lightsOFF': '23:00', 'progDescription': 'Program seeds to small plants, less water.'}"},
{"time": "2021-03-09 22:27:06,671", "name": "roboLog", "level": "INFO", "message": "Background jobs: [<Job (id=checkL name=checkLights)>, <Job (id=checkP name=activatePump)>]"},
{"time": "2021-03-09 22:27:11,682", "name": "roboLog", "level": "INFO", "message": "Info from Arduino: Brightness set to: 255 (100%)"},
{"time": "2021-03-09 22:27:12,173", "name": "roboLog", "level": "INFO", "message": "RGB set to 255 150 150"},
{"time": "2021-03-09 22:27:12,185", "name": "roboLog", "level": "INFO", "message": "Info from Arduino: LED set to RGB: 255 150 150 "},
{"time": "2021-03-09 22:27:12,674", "name": "roboLog", "level": "INFO", "message": "Lights set to 255"},
{"time": "2021-03-09 22:36:51,631", "name": "roboLog", "level": "INFO", "message": "Serial interface configured on /dev/ttyACM0@115200 Pyserisal version: 3.5"},
{"time": "2021-03-09 22:36:56,581", "name": "roboLog", "level": "INFO", "message": "System started. System time is: 22:36"},
{"time": "2021-03-09 22:36:56,581", "name": "roboLog", "level": "INFO", "message": "Current program: {'progID': '004', 'progName': 'Growth - quiet hours, low watering, more red light', 'pumpStartEvery': 7200, 'pumpRunTime': 15, 'pumpON': '08:00', 'pumpOFF': '21:00', 'lightBrightness': 255, 'RGB': '255 150 150', 'lightsON': '06:00', 'lightsOFF': '23:00', 'progDescription': 'Program seeds to small plants, less water.'}"},
{"time": "2021-03-09 22:36:56,581", "name": "roboLog", "level": "INFO", "message": "Background jobs: [<Job (id=checkL name=checkLights)>, <Job (id=checkP name=activatePump)>]"},
{"time": "2021-03-09 22:37:01,674", "name": "roboLog", "level": "INFO", "message": "Info from Arduino: Brightness set to: 255 (100%)"},
{"time": "2021-03-09 22:37:02,088", "name": "roboLog", "level": "INFO", "message": "RGB set to 255 150 150"},
{"time": "2021-03-09 22:37:06,671", "name": "roboLog", "level": "INFO", "message": "Info from Arduino: LED set to RGB: 255 150 150 "},
{"time": "2021-03-09 22:37:07,085", "name": "roboLog", "level": "INFO", "message": "Lights set to 255"},
{"time": "2021-03-09 22:43:17,549", "name": "roboLog", "level": "INFO", "message": "Serial interface configured on /dev/ttyACM0@115200 Pyserisal version: 3.5"},
{"time": "2021-03-09 22:43:22,442", "name": "roboLog", "level": "INFO", "message": "System started. System time is: 22:43"},
{"time": "2021-03-09 22:43:22,443", "name": "roboLog", "level": "INFO", "message": "Current program: {'progID': '004', 'progName': 'Growth - quiet hours, low watering, more red light', 'pumpStartEvery': 7200, 'pumpRunTime': 15, 'pumpON': '08:00', 'pumpOFF': '21:00', 'lightBrightness': 255, 'RGB': '255 150 150', 'lightsON': '06:00', 'lightsOFF': '23:00', 'progDescription': 'Program seeds to small plants, less water.'}"},
{"time": "2021-03-09 22:43:22,443", "name": "roboLog", "level": "INFO", "message": "Background jobs: [<Job (id=checkL name=checkLights)>, <Job (id=checkP name=activatePump)>]"},
{"time": "2021-03-09 22:43:27,460", "name": "roboLog", "level": "INFO", "message": "Info from Arduino: Brightness set to: 255 (100%)"},
{"time": "2021-03-09 22:43:27,950", "name": "roboLog", "level": "INFO", "message": "RGB set to 255 150 150"},
{"time": "2021-03-09 22:43:27,963", "name": "roboLog", "level": "INFO", "message": "Info from Arduino: LED set to RGB: 255 150 150 "},
{"time": "2021-03-09 22:43:28,452", "name": "roboLog", "level": "INFO", "message": "Lights set to 255"},
{"time": "2021-03-09 22:44:45,769", "name": "roboLog", "level": "INFO", "message": "Serial interface configured on /dev/ttyACM0@115200 Pyserisal version: 3.5"},
{"time": "2021-03-09 22:44:50,812", "name": "roboLog", "level": "INFO", "message": "System started. System time is: 22:44"},
{"time": "2021-03-09 22:44:50,813", "name": "roboLog", "level": "INFO", "message": "Current program: {'progID': '004', 'progName': 'Growth - quiet hours, low watering, more red light', 'pumpStartEvery': 7200, 'pumpRunTime': 15, 'pumpON': '08:00', 'pumpOFF': '21:00', 'lightBrightness': 255, 'RGB': '255 150 150', 'lightsON': '06:00', 'lightsOFF': '23:00', 'progDescription': 'Program seeds to small plants, less water.'}"},
{"time": "2021-03-09 22:44:50,813", "name": "roboLog", "level": "INFO", "message": "Background jobs: [<Job (id=checkL name=checkLights)>, <Job (id=checkP name=activatePump)>]"},
{"time": "2021-03-09 22:44:55,834", "name": "roboLog", "level": "INFO", "message": "Info from Arduino: Brightness set to: 255 (100%)"},
{"time": "2021-03-09 22:44:56,326", "name": "roboLog", "level": "INFO", "message": "RGB set to 255 150 150"},
{"time": "2021-03-09 22:45:00,829", "name": "roboLog", "level": "INFO", "message": "Info from Arduino: LED set to RGB: 255 150 150 "},
{"time": "2021-03-09 22:45:01,318", "name": "roboLog", "level": "INFO", "message": "Lights set to 255"},
{"time": "2021-03-09 22:55:56,772", "name": "roboLog", "level": "INFO", "message": "Serial interface configured on /dev/ttyACM0@115200 Pyserisal version: 3.5"},
{"time": "2021-03-09 22:56:01,598", "name": "roboLog", "level": "INFO", "message": "System started. System time is: 22:55"},
{"time": "2021-03-09 22:56:01,598", "name": "roboLog", "level": "INFO", "message": "Current program: {'progID': '004', 'progName': 'Growth - quiet hours, low watering, more red light', 'pumpStartEvery': 7200, 'pumpRunTime': 15, 'pumpON': '08:00', 'pumpOFF': '21:00', 'lightBrightness': 255, 'RGB': '255 150 150', 'lightsON': '06:00', 'lightsOFF': '23:00', 'progDescription': 'Program seeds to small plants, less water.'}"},
{"time": "2021-03-09 22:56:01,598", "name": "roboLog", "level": "INFO", "message": "Background jobs: [<Job (id=checkL name=checkLights)>, <Job (id=checkP name=activatePump)>]"},
{"time": "2021-03-09 22:56:06,612", "name": "roboLog", "level": "INFO", "message": "Info from Arduino: Brightness set to: 255 (100%)"},
{"time": "2021-03-09 22:56:07,105", "name": "roboLog", "level": "INFO", "message": "RGB set to 255 150 150"},
{"time": "2021-03-09 22:56:07,116", "name": "roboLog", "level": "INFO", "message": "Info from Arduino: LED set to RGB: 255 150 150 "},
{"time": "2021-03-09 22:56:07,607", "name": "roboLog", "level": "INFO", "message": "Lights set to 255"},
{"time": "2021-03-09 22:56:42,432", "name": "roboLog", "level": "INFO", "message": "Serial interface configured on /dev/ttyACM0@115200 Pyserisal version: 3.5"},
{"time": "2021-03-09 22:56:47,281", "name": "roboLog", "level": "INFO", "message": "System started. System time is: 22:56"},
{"time": "2021-03-09 22:56:47,281", "name": "roboLog", "level": "INFO", "message": "Current program: {'progID': '004', 'progName': 'Growth - quiet hours, low watering, more red light', 'pumpStartEvery': 7200, 'pumpRunTime': 15, 'pumpON': '08:00', 'pumpOFF': '21:00', 'lightBrightness': 255, 'RGB': '255 150 150', 'lightsON': '06:00', 'lightsOFF': '23:00', 'progDescription': 'Program seeds to small plants, less water.'}"},
{"time": "2021-03-09 22:56:47,282", "name": "roboLog", "level": "INFO", "message": "Background jobs: [<Job (id=checkL name=checkLights)>, <Job (id=checkP name=activatePump)>]"},
{"time": "2021-03-09 22:56:52,294", "name": "roboLog", "level": "INFO", "message": "Info from Arduino: Brightness set to: 255 (100%)"},
{"time": "2021-03-09 22:56:52,786", "name": "roboLog", "level": "INFO", "message": "RGB set to 255 150 150"},
{"time": "2021-03-09 22:56:52,798", "name": "roboLog", "level": "INFO", "message": "Info from Arduino: LED set to RGB: 255 150 150 "},
{"time": "2021-03-09 22:56:53,288", "name": "roboLog", "level": "INFO", "message": "Lights set to 255"},
{"time": "2021-03-09 22:57:51,492", "name": "roboLog", "level": "INFO", "message": "Info from Arduino: Lightshow started. Duration 2.00 freq 0.50"},
{"time": "2021-03-09 22:57:53,593", "name": "roboLog", "level": "INFO", "message": "Info from Arduino: Lightshow stopped"},
{"time": "2021-03-09 23:01:02,290", "name": "roboLog", "level": "INFO", "message": "Info from Arduino: Brightness set to: 0 (0%)"},
{"time": "2021-03-09 23:01:02,782", "name": "roboLog", "level": "INFO", "message": "Lights set to 255"},
{"time": "2021-03-09 23:04:23,683", "name": "roboLog", "level": "INFO", "message": "Serial interface configured on /dev/ttyACM0@115200 Pyserisal version: 3.5"},
{"time": "2021-03-09 23:04:28,587", "name": "roboLog", "level": "INFO", "message": "System started. System time is: 23:04"},
{"time": "2021-03-09 23:04:28,589", "name": "roboLog", "level": "INFO", "message": "Current program: {'progID': '004', 'progName': 'Growth - quiet hours, low watering, more red light', 'pumpStartEvery': 7200, 'pumpRunTime': 15, 'pumpON': '08:00', 'pumpOFF': '21:00', 'lightBrightness': 255, 'RGB': '255 150 150', 'lightsON': '06:00', 'lightsOFF': '23:00', 'progDescription': 'Program seeds to small plants, less water.'}"},
{"time": "2021-03-09 23:04:28,590", "name": "roboLog", "level": "INFO", "message": "Background jobs: [<Job (id=checkL name=checkLights)>, <Job (id=checkP name=activatePump)>]"},
{"time": "2021-03-09 23:05:28,721", "name": "roboLog", "level": "INFO", "message": "Info from Arduino: LED set to RGB: 0 0 255"},
{"time": "2021-03-09 23:05:28,823", "name": "roboLog", "level": "INFO", "message": "Info from Arduino: Pump started for: 10 seconds"},
{"time": "2021-03-09 23:05:38,817", "name": "roboLog", "level": "INFO", "message": "Info from Arduino: Pump stopped"},
{"time": "2021-03-09 23:05:40,226", "name": "roboLog", "level": "INFO", "message": "Info from Arduino: LED set to RGB: 0 0 255 "},
{"time": "2021-03-09 23:10:13,969", "name": "roboLog", "level": "INFO", "message": "Serial interface configured on /dev/ttyACM0@115200 Pyserisal version: 3.5"},
{"time": "2021-03-09 23:10:18,664", "name": "roboLog", "level": "INFO", "message": "System started. System time is: 23:10"},
{"time": "2021-03-09 23:10:18,665", "name": "roboLog", "level": "INFO", "message": "Current program: {'progID': '004', 'progName': 'Growth - quiet hours, low watering, more red light', 'pumpStartEvery': 7200, 'pumpRunTime': 15, 'pumpON': '08:00', 'pumpOFF': '21:00', 'lightBrightness': 255, 'RGB': '255 150 150', 'lightsON': '06:00', 'lightsOFF': '23:00', 'progDescription': 'Program seeds to small plants, less water.'}"},
{"time": "2021-03-09 23:10:18,665", "name": "roboLog", "level": "INFO", "message": "Background jobs: [<Job (id=checkL name=checkLights)>, <Job (id=checkP name=activatePump)>]"},
{"time": "2021-03-09 23:16:31,883", "name": "roboLog", "level": "INFO", "message": "Serial interface configured on /dev/ttyACM0@115200 Pyserisal version: 3.5"},
{"time": "2021-03-09 23:16:36,820", "name": "roboLog", "level": "INFO", "message": "System started. System time is: 23:16"},
{"time": "2021-03-09 23:16:36,820", "name": "roboLog", "level": "INFO", "message": "Current program: {'progID': '004', 'progName': 'Growth - quiet hours, low watering, more red light', 'pumpStartEvery': 7200, 'pumpRunTime': 15, 'pumpON': '08:00', 'pumpOFF': '21:00', 'lightBrightness': 255, 'RGB': '255 150 150', 'lightsON': '06:00', 'lightsOFF': '23:00', 'progDescription': 'Program seeds to small plants, less water.'}"},
{"time": "2021-03-09 23:16:36,820", "name": "roboLog", "level": "INFO", "message": "Background jobs: [<Job (id=checkL name=checkLights)>, <Job (id=checkP name=activatePump)>]"},
{"time": "2021-03-09 23:16:51,939", "name": "roboLog", "level": "INFO", "message": "Info from Arduino: LED set to RGB: 0 0 255"},
{"time": "2021-03-09 23:16:52,042", "name": "roboLog", "level": "INFO", "message": "Info from Arduino: Pump started for: 10 seconds"},
{"time": "2021-03-09 23:17:02,035", "name": "roboLog", "level": "INFO", "message": "Info from Arduino: Pump stopped"},
{"time": "2021-03-09 23:28:35,905", "name": "roboLog", "level": "INFO", "message": "Serial interface configured on /dev/ttyACM0@115200 Pyserisal version: 3.5"},
{"time": "2021-03-09 23:28:40,905", "name": "roboLog", "level": "INFO", "message": "System started. System time is: 23:28"},
{"time": "2021-03-09 23:28:40,906", "name": "roboLog", "level": "INFO", "message": "Current program: {'progID': '004', 'progName': 'Growth - quiet hours, low watering, more red light', 'pumpStartEvery': 7200, 'pumpRunTime': 15, 'pumpON': '08:00', 'pumpOFF': '21:00', 'lightBrightness': 255, 'RGB': '255 150 150', 'lightsON': '06:00', 'lightsOFF': '23:00', 'progDescription': 'Program seeds to small plants, less water.'}"},
{"time": "2021-03-09 23:28:40,906", "name": "roboLog", "level": "INFO", "message": "Background jobs: [<Job (id=checkL name=checkLights)>, <Job (id=checkP name=activatePump)>]"},
{"time": "2021-03-09 23:28:59,955", "name": "roboLog", "level": "INFO", "message": "Info from Arduino: LED set to RGB: 0 0 255"},
{"time": "2021-03-09 23:29:00,058", "name": "roboLog", "level": "INFO", "message": "Info from Arduino: Pump started for: 10 seconds"},
{"time": "2021-03-09 23:29:10,051", "name": "roboLog", "level": "INFO", "message": "Info from Arduino: Pump stopped"},
{"time": "2021-03-09 23:29:11,460", "name": "roboLog", "level": "INFO", "message": "Info from Arduino: LED set to RGB: 0 0 255 "},
{"time": "2021-03-09 23:30:19,785", "name": "roboLog", "level": "INFO", "message": "Serial interface configured on /dev/ttyACM0@115200 Pyserisal version: 3.5"},
{"time": "2021-03-09 23:30:24,727", "name": "roboLog", "level": "INFO", "message": "System started. System time is: 23:30"},
{"time": "2021-03-09 23:30:24,728", "name": "roboLog", "level": "INFO", "message": "Current program: {'progID': '004', 'progName': 'Growth - quiet hours, low watering, more red light', 'pumpStartEvery': 7200, 'pumpRunTime': 15, 'pumpON': '08:00', 'pumpOFF': '21:00', 'lightBrightness': 255, 'RGB': '255 150 150', 'lightsON': '06:00', 'lightsOFF': '23:00', 'progDescription': 'Program seeds to small plants, less water.'}"},
{"time": "2021-03-09 23:30:24,728", "name": "roboLog", "level": "INFO", "message": "Background jobs: [<Job (id=checkL name=checkLights)>, <Job (id=checkP name=activatePump)>]"},
{"time": "2021-03-09 23:30:57,842", "name": "roboLog", "level": "INFO", "message": "Info from Arduino: LED set to RGB: 0 0 255"},
{"time": "2021-03-09 23:30:57,941", "name": "roboLog", "level": "INFO", "message": "Info from Arduino: Pump started for: 10 seconds"},
{"time": "2021-03-09 23:31:05,846", "name": "roboLog", "level": "INFO", "message": "Info from Arduino: Lightshow started. Duration 2.00 freq 0.50"},
{"time": "2021-03-09 23:31:07,947", "name": "roboLog", "level": "INFO", "message": "Info from Arduino: Lightshow stopped"},
{"time": "2021-03-09 23:31:08,156", "name": "roboLog", "level": "INFO", "message": "Info from Arduino: Punp cannot stop, pump stop override active"},
{"time": "2021-03-09 23:31:09,344", "name": "roboLog", "level": "INFO", "message": "Info from Arduino: LED set to RGB: 0 0 255 "},
{"time": "2021-03-09 23:33:44,622", "name": "roboLog", "level": "INFO", "message": "Serial interface configured on /dev/ttyACM0@115200 Pyserisal version: 3.5"},
{"time": "2021-03-09 23:33:49,811", "name": "roboLog", "level": "INFO", "message": "System started. System time is: 23:33"},
{"time": "2021-03-09 23:33:49,811", "name": "roboLog", "level": "INFO", "message": "Current program: {'progID': '004', 'progName': 'Growth - quiet hours, low watering, more red light', 'pumpStartEvery': 7200, 'pumpRunTime': 15, 'pumpON': '08:00', 'pumpOFF': '21:00', 'lightBrightness': 255, 'RGB': '255 150 150', 'lightsON': '06:00', 'lightsOFF': '23:00', 'progDescription': 'Program seeds to small plants, less water.'}"},
{"time": "2021-03-09 23:33:49,811", "name": "roboLog", "level": "INFO", "message": "Background jobs: [<Job (id=checkL name=checkLights)>, <Job (id=checkP name=activatePump)>]"},
{"time": "2021-03-09 23:36:19,191", "name": "roboLog", "level": "INFO", "message": "Serial interface configured on /dev/ttyACM0@115200 Pyserisal version: 3.5"},
{"time": "2021-03-09 23:36:24,097", "name": "roboLog", "level": "INFO", "message": "System started. System time is: 23:36"},
{"time": "2021-03-09 23:36:24,097", "name": "roboLog", "level": "INFO", "message": "Current program: {'progID': '004', 'progName': 'Growth - quiet hours, low watering, more red light', 'pumpStartEvery': 7200, 'pumpRunTime': 15, 'pumpON': '08:00', 'pumpOFF': '21:00', 'lightBrightness': 255, 'RGB': '255 150 150', 'lightsON': '06:00', 'lightsOFF': '23:00', 'progDescription': 'Program seeds to small plants, less water.'}"},
{"time": "2021-03-09 23:36:24,097", "name": "roboLog", "level": "INFO", "message": "Background jobs: [<Job (id=checkL name=checkLights)>, <Job (id=checkP name=activatePump)>]"},
{"time": "2021-03-09 23:41:44,348", "name": "roboLog", "level": "INFO", "message": "Serial interface configured on /dev/ttyACM0@115200 Pyserisal version: 3.5"},
{"time": "2021-03-09 23:41:49,105", "name": "roboLog", "level": "INFO", "message": "System started. System time is: 23:41"},
{"time": "2021-03-09 23:41:49,105", "name": "roboLog", "level": "INFO", "message": "Current program: {'progID': '004', 'progName': 'Growth - quiet hours, low watering, more red light', 'pumpStartEvery': 7200, 'pumpRunTime': 15, 'pumpON': '08:00', 'pumpOFF': '21:00', 'lightBrightness': 255, 'RGB': '255 150 150', 'lightsON': '06:00', 'lightsOFF': '23:00', 'progDescription': 'Program seeds to small plants, less water.'}"},
{"time": "2021-03-09 23:41:49,106", "name": "roboLog", "level": "INFO", "message": "Background jobs: [<Job (id=checkL name=checkLights)>, <Job (id=checkP name=activatePump)>]"},
{"time": "2021-03-09 23:42:45,723", "name": "roboLog", "level": "INFO", "message": "Serial interface configured on /dev/ttyACM0@115200 Pyserisal version: 3.5"},
{"time": "2021-03-09 23:42:51,409", "name": "roboLog", "level": "INFO", "message": "System started. System time is: 23:42"},
{"time": "2021-03-09 23:42:51,409", "name": "roboLog", "level": "INFO", "message": "Current program: {'progID': '004', 'progName': 'Growth - quiet hours, low watering, more red light', 'pumpStartEvery': 7200, 'pumpRunTime': 15, 'pumpON': '08:00', 'pumpOFF': '21:00', 'lightBrightness': 255, 'RGB': '255 150 150', 'lightsON': '06:00', 'lightsOFF': '23:00', 'progDescription': 'Program seeds to small plants, less water.'}"},
{"time": "2021-03-09 23:42:51,410", "name": "roboLog", "level": "INFO", "message": "Background jobs: [<Job (id=checkL name=checkLights)>, <Job (id=checkP name=activatePump)>]"},
{"time": "2021-03-09 23:55:24,795", "name": "roboLog", "level": "INFO", "message": "Serial interface configured on /dev/ttyACM0@115200 Pyserisal version: 3.5"},
{"time": "2021-03-09 23:55:29,585", "name": "roboLog", "level": "INFO", "message": "System started. System time is: 23:55"},
{"time": "2021-03-09 23:55:29,586", "name": "roboLog", "level": "INFO", "message": "Current program: {'progID': '004', 'progName': 'Growth - quiet hours, low watering, more red light', 'pumpStartEvery': 7200, 'pumpRunTime': 15, 'pumpON': '08:00', 'pumpOFF': '21:00', 'lightBrightness': 255, 'RGB': '255 150 150', 'lightsON': '06:00', 'lightsOFF': '23:00', 'progDescription': 'Program seeds to small plants, less water.'}"},
{"time": "2021-03-09 23:55:29,586", "name": "roboLog", "level": "INFO", "message": "Background jobs: [<Job (id=checkL name=checkLights)>, <Job (id=checkP name=activatePump)>]"},
