2021-01-24 10:50:15,399 INFO werkzeug Thread-1 : Info from Arduino: Pump stopped
2021-01-24 10:50:15,793 INFO werkzeug Thread-94 : Pump is OFF
2021-01-24 10:50:19,892 INFO werkzeug Thread-1 : Info from Arduino: Pump start
2021-01-24 10:50:20,285 INFO werkzeug Thread-96 : Pump is ON
2021-01-24 10:50:25,396 INFO werkzeug Thread-1 : Info from Arduino: Pump stopped
2021-01-24 10:50:25,788 INFO werkzeug Thread-96 : Pump is OFF
2021-01-24 10:50:29,894 INFO werkzeug Thread-1 : Info from Arduino: Pump start
2021-01-24 10:50:30,285 INFO werkzeug Thread-98 : Pump is ON
2021-01-24 10:50:35,395 INFO werkzeug Thread-1 : Info from Arduino: Pump stopped
2021-01-24 10:50:35,789 INFO werkzeug Thread-98 : Pump is OFF
2021-01-24 10:50:39,892 INFO werkzeug Thread-1 : Info from Arduino: Pump start
2021-01-24 10:50:40,288 INFO werkzeug Thread-100 : Pump is ON
2021-01-24 10:50:45,400 INFO werkzeug Thread-1 : Info from Arduino: Pump stopped
2021-01-24 10:50:45,792 INFO werkzeug Thread-100 : Pump is OFF
2021-01-24 10:50:49,894 INFO werkzeug Thread-1 : Info from Arduino: Pump start
2021-01-24 10:50:50,286 INFO werkzeug Thread-102 : Pump is ON
2021-01-24 10:50:55,395 INFO werkzeug Thread-1 : Info from Arduino: Pump stopped
2021-01-24 10:50:55,788 INFO werkzeug Thread-102 : Pump is OFF
2021-01-24 10:50:59,892 INFO werkzeug Thread-1 : Info from Arduino: Pump start
2021-01-24 10:51:00,287 INFO werkzeug Thread-104 : Pump is ON
2021-01-24 10:51:05,400 INFO werkzeug Thread-1 : Info from Arduino: Pump stopped
2021-01-24 10:51:05,792 INFO werkzeug Thread-104 : Pump is OFF
2021-01-24 10:51:09,893 INFO werkzeug Thread-1 : Info from Arduino: Pump start
2021-01-24 10:51:10,287 INFO werkzeug Thread-106 : Pump is ON
2021-01-24 10:51:15,398 INFO werkzeug Thread-1 : Info from Arduino: Pump stopped
2021-01-24 10:51:15,793 INFO werkzeug Thread-106 : Pump is OFF
2021-01-24 10:51:19,895 INFO werkzeug Thread-1 : Info from Arduino: Pump start
2021-01-24 10:51:20,287 INFO werkzeug Thread-108 : Pump is ON
2021-01-24 10:51:25,400 INFO werkzeug Thread-1 : Info from Arduino: Pump stopped
2021-01-24 10:51:25,794 INFO werkzeug Thread-108 : Pump is OFF
2021-01-24 10:51:29,893 INFO werkzeug Thread-1 : Info from Arduino: Pump start
2021-01-24 10:51:30,288 INFO werkzeug Thread-110 : Pump is ON
2021-01-24 10:51:35,398 INFO werkzeug Thread-1 : Info from Arduino: Pump stopped
2021-01-24 10:51:35,792 INFO werkzeug Thread-110 : Pump is OFF
2021-01-24 10:51:39,896 INFO werkzeug Thread-1 : Info from Arduino: Pump start
2021-01-24 10:51:40,289 INFO werkzeug Thread-112 : Pump is ON
2021-01-24 10:51:45,400 INFO werkzeug Thread-1 : Info from Arduino: Pump stopped
2021-01-24 10:51:45,793 INFO werkzeug Thread-112 : Pump is OFF
2021-01-24 10:51:49,905 INFO werkzeug Thread-1 : Info from Arduino: Pump start
2021-01-24 10:51:50,299 INFO werkzeug Thread-114 : Pump is ON
2021-01-24 10:51:55,410 INFO werkzeug Thread-1 : Info from Arduino: Pump stopped
2021-01-24 10:51:55,805 INFO werkzeug Thread-114 : Pump is OFF
2021-01-24 10:52:03,737 INFO werkzeug MainThread :  * Running on http://0.0.0.0:5000/ (Press CTRL+C to quit)
2021-01-24 10:52:13,850 INFO werkzeug Thread-1 : Info from Arduino: Brightness set to: 80%
2021-01-24 10:52:13,952 INFO werkzeug Thread-1 : Info from Arduino: Pump start
2021-01-24 10:52:14,227 INFO werkzeug Thread-2 : RGB set to 255 0 255
2021-01-24 10:52:14,227 INFO werkzeug Thread-3 : Pump is ON
2021-01-24 10:52:14,353 INFO werkzeug Thread-1 : Info from Arduino: LED set to RGB: 255 0 255 
2021-01-24 10:52:14,727 INFO werkzeug Thread-2 : Lights set to 80
2021-01-24 10:52:19,346 INFO werkzeug Thread-1 : Info from Arduino: Pump stopped
2021-01-24 10:52:19,733 INFO werkzeug Thread-3 : Pump is OFF
2021-01-24 10:52:23,847 INFO werkzeug Thread-1 : Info from Arduino: Pump start
2021-01-24 10:52:24,227 INFO werkzeug Thread-5 : Pump is ON
2021-01-24 10:52:29,344 INFO werkzeug Thread-1 : Info from Arduino: Pump stopped
2021-01-24 10:52:29,732 INFO werkzeug Thread-5 : Pump is OFF
2021-01-24 10:52:33,841 INFO werkzeug Thread-1 : Info from Arduino: Pump start
2021-01-24 10:52:34,227 INFO werkzeug Thread-7 : Pump is ON
2021-01-24 10:52:43,133 INFO werkzeug MainThread :  * Running on http://0.0.0.0:5000/ (Press CTRL+C to quit)
2021-01-24 10:52:53,234 INFO werkzeug Thread-1 : Info from Arduino: Brightness set to: 80%
2021-01-24 10:52:53,333 INFO werkzeug Thread-1 : Info from Arduino: Pump start
2021-01-24 10:52:53,611 INFO werkzeug Thread-2 : RGB set to 255 0 255
2021-01-24 10:52:53,611 INFO werkzeug Thread-3 : Pump is ON
2021-01-24 10:52:53,734 INFO werkzeug Thread-1 : Info from Arduino: LED set to RGB: 255 0 255 
2021-01-24 10:52:54,112 INFO werkzeug Thread-2 : Lights set to 80
2021-01-24 10:52:58,731 INFO werkzeug Thread-1 : Info from Arduino: Pump stopped
2021-01-24 10:52:59,121 INFO werkzeug Thread-3 : Pump is OFF
2021-01-24 10:53:03,228 INFO werkzeug Thread-1 : Info from Arduino: Pump start
2021-01-24 10:53:03,608 INFO werkzeug Thread-5 : Pump is ON
2021-01-24 10:53:08,725 INFO werkzeug Thread-1 : Info from Arduino: Pump stopped
2021-01-24 10:53:09,112 INFO werkzeug Thread-5 : Pump is OFF
2021-01-24 10:53:13,226 INFO werkzeug Thread-1 : Info from Arduino: Pump start
2021-01-24 10:53:13,608 INFO werkzeug Thread-7 : Pump is ON
2021-01-24 10:53:18,723 INFO werkzeug Thread-1 : Info from Arduino: Pump stopped
2021-01-24 10:53:19,114 INFO werkzeug Thread-7 : Pump is OFF
2021-01-24 10:53:23,220 INFO werkzeug Thread-1 : Info from Arduino: Pump start
2021-01-24 10:53:23,608 INFO werkzeug Thread-9 : Pump is ON
2021-01-24 10:53:28,721 INFO werkzeug Thread-1 : Info from Arduino: Pump stopped
2021-01-24 10:53:29,112 INFO werkzeug Thread-9 : Pump is OFF
2021-01-24 10:53:33,217 INFO werkzeug Thread-1 : Info from Arduino: Pump start
2021-01-24 10:53:33,609 INFO werkzeug Thread-11 : Pump is ON
2021-01-24 10:53:38,719 INFO werkzeug Thread-1 : Info from Arduino: Pump stopped
2021-01-24 10:53:39,112 INFO werkzeug Thread-11 : Pump is OFF
2021-01-24 10:53:43,216 INFO werkzeug Thread-1 : Info from Arduino: Pump start
2021-01-24 10:53:43,609 INFO werkzeug Thread-13 : Pump is ON
2021-01-24 10:53:48,720 INFO werkzeug Thread-1 : Info from Arduino: Pump stopped
2021-01-24 10:53:49,113 INFO werkzeug Thread-13 : Pump is OFF
2021-01-24 10:53:53,217 INFO werkzeug Thread-1 : Info from Arduino: Pump start
2021-01-24 10:53:53,610 INFO werkzeug Thread-15 : Pump is ON
2021-01-24 10:53:58,719 INFO werkzeug Thread-1 : Info from Arduino: Pump stopped
2021-01-24 10:53:59,113 INFO werkzeug Thread-15 : Pump is OFF
2021-01-24 10:54:03,216 WARNING werkzeug Thread-1 : Received non-JSON from Arduino: b'{"type":"T","pumpON":0,"RGB":"255 0 255","bri{"type":"I","message":"Pump start"}\r\n'Expecting ':' delimiter: line 1 column 48 (char 47)
2021-01-24 10:54:03,610 INFO werkzeug Thread-17 : Pump is ON
2021-01-24 10:54:08,720 INFO werkzeug Thread-1 : Info from Arduino: Pump stopped
2021-01-24 10:54:09,113 INFO werkzeug Thread-17 : Pump is OFF
2021-01-24 10:54:13,218 INFO werkzeug Thread-1 : Info from Arduino: Pump start
2021-01-24 10:54:13,610 INFO werkzeug Thread-19 : Pump is ON
2021-01-24 10:54:18,718 INFO werkzeug Thread-1 : Info from Arduino: Pump stopped
2021-01-24 10:54:19,112 INFO werkzeug Thread-19 : Pump is OFF
2021-01-24 10:54:23,215 INFO werkzeug Thread-1 : Info from Arduino: Pump start
2021-01-24 10:54:23,610 INFO werkzeug Thread-21 : Pump is ON
2021-01-24 10:54:28,720 INFO werkzeug Thread-1 : Info from Arduino: Pump stopped
2021-01-24 10:54:29,113 INFO werkzeug Thread-21 : Pump is OFF
2021-01-24 10:54:33,217 INFO werkzeug Thread-1 : Info from Arduino: Pump start
2021-01-24 10:54:33,611 INFO werkzeug Thread-23 : Pump is ON
2021-01-24 10:54:38,721 INFO werkzeug Thread-1 : Info from Arduino: Pump stopped
2021-01-24 10:54:39,117 INFO werkzeug Thread-23 : Pump is OFF
2021-01-24 10:54:43,219 INFO werkzeug Thread-1 : Info from Arduino: Pump start
2021-01-24 10:54:43,611 INFO werkzeug Thread-25 : Pump is ON
2021-01-24 10:54:48,723 INFO werkzeug Thread-1 : Info from Arduino: Pump stopped
2021-01-24 10:54:49,117 INFO werkzeug Thread-25 : Pump is OFF
2021-01-24 10:54:53,216 INFO werkzeug Thread-1 : Info from Arduino: Pump start
2021-01-24 10:54:53,611 INFO werkzeug Thread-27 : Pump is ON
2021-01-24 10:54:58,721 INFO werkzeug Thread-1 : Info from Arduino: Pump stopped
2021-01-24 10:54:59,116 INFO werkzeug Thread-27 : Pump is OFF
2021-01-24 10:55:03,218 INFO werkzeug Thread-1 : Info from Arduino: Pump start
2021-01-24 10:55:03,611 INFO werkzeug Thread-28 : Pump is ON
2021-01-24 10:55:08,723 INFO werkzeug Thread-1 : Info from Arduino: Pump stopped
2021-01-24 10:55:09,117 INFO werkzeug Thread-28 : Pump is OFF
2021-01-24 10:55:13,220 INFO werkzeug Thread-1 : Info from Arduino: Pump start
2021-01-24 10:55:13,612 INFO werkzeug Thread-30 : Pump is ON
2021-01-24 10:55:18,725 INFO werkzeug Thread-1 : Info from Arduino: Pump stopped
2021-01-24 10:55:19,116 INFO werkzeug Thread-30 : Pump is OFF
2021-01-24 10:55:23,218 INFO werkzeug Thread-1 : Info from Arduino: Pump start
2021-01-24 10:55:23,613 INFO werkzeug Thread-33 : Pump is ON
2021-01-24 10:55:28,723 INFO werkzeug Thread-1 : Info from Arduino: Pump stopped
2021-01-24 10:55:29,117 INFO werkzeug Thread-33 : Pump is OFF
2021-01-24 10:55:33,220 INFO werkzeug Thread-1 : Info from Arduino: Pump start
2021-01-24 10:55:33,613 INFO werkzeug Thread-35 : Pump is ON
2021-01-24 10:55:38,725 INFO werkzeug Thread-1 : Info from Arduino: Pump stopped
2021-01-24 10:55:39,128 INFO werkzeug Thread-35 : Pump is OFF
2021-01-24 10:55:43,222 INFO werkzeug Thread-1 : Info from Arduino: Pump start
2021-01-24 10:55:43,614 INFO werkzeug Thread-37 : Pump is ON
2021-01-24 10:55:48,723 INFO werkzeug Thread-1 : Info from Arduino: Pump stopped
2021-01-24 10:55:49,117 INFO werkzeug Thread-37 : Pump is OFF
2021-01-24 10:55:53,220 INFO werkzeug Thread-1 : Info from Arduino: Pump start
2021-01-24 10:55:53,614 INFO werkzeug Thread-39 : Pump is ON
2021-01-24 10:55:58,724 INFO werkzeug Thread-1 : Info from Arduino: Pump stopped
2021-01-24 10:55:59,117 INFO werkzeug Thread-39 : Pump is OFF
2021-01-24 10:56:03,226 INFO werkzeug Thread-1 : Info from Arduino: Pump start
2021-01-24 10:56:03,621 INFO werkzeug Thread-41 : Pump is ON
2021-01-24 10:56:08,731 INFO werkzeug Thread-1 : Info from Arduino: Pump stopped
2021-01-24 10:56:09,125 INFO werkzeug Thread-41 : Pump is OFF
2021-01-24 10:56:13,224 INFO werkzeug Thread-1 : Info from Arduino: Pump start
2021-01-24 10:56:13,618 INFO werkzeug Thread-43 : Pump is ON
2021-01-24 10:56:18,728 INFO werkzeug Thread-1 : Info from Arduino: Pump stopped
2021-01-24 10:56:19,120 INFO werkzeug Thread-43 : Pump is OFF
2021-01-24 10:56:23,226 INFO werkzeug Thread-1 : Info from Arduino: Pump start
2021-01-24 10:56:23,619 INFO werkzeug Thread-45 : Pump is ON
2021-01-24 10:56:28,731 INFO werkzeug Thread-1 : Info from Arduino: Pump stopped
2021-01-24 10:56:29,125 INFO werkzeug Thread-45 : Pump is OFF
2021-01-24 10:56:33,223 INFO werkzeug Thread-1 : Info from Arduino: Pump start
2021-01-24 10:56:33,619 INFO werkzeug Thread-47 : Pump is ON
2021-01-24 10:56:38,732 INFO werkzeug Thread-1 : Info from Arduino: Pump stopped
2021-01-24 10:56:39,125 INFO werkzeug Thread-47 : Pump is OFF
2021-01-24 10:56:43,226 INFO werkzeug Thread-1 : Info from Arduino: Pump start
2021-01-24 10:56:43,619 INFO werkzeug Thread-49 : Pump is ON
2021-01-24 10:56:48,730 INFO werkzeug Thread-1 : Info from Arduino: Pump stopped
2021-01-24 10:56:49,125 INFO werkzeug Thread-49 : Pump is OFF
2021-01-24 10:56:53,227 INFO werkzeug Thread-1 : Info from Arduino: Pump start
2021-01-24 10:56:53,619 INFO werkzeug Thread-51 : Pump is ON
2021-01-24 10:56:58,732 INFO werkzeug Thread-1 : Info from Arduino: Pump stopped
2021-01-24 10:56:59,124 INFO werkzeug Thread-51 : Pump is OFF
2021-01-24 10:57:03,225 INFO werkzeug Thread-1 : Info from Arduino: Pump start
2021-01-24 10:57:03,620 INFO werkzeug Thread-53 : Pump is ON
2021-01-24 10:57:08,730 INFO werkzeug Thread-1 : Info from Arduino: Pump stopped
2021-01-24 10:57:09,125 INFO werkzeug Thread-53 : Pump is OFF
2021-01-24 10:57:13,227 INFO werkzeug Thread-1 : Info from Arduino: Pump start
2021-01-24 10:57:13,621 INFO werkzeug Thread-55 : Pump is ON
2021-01-24 10:57:18,732 INFO werkzeug Thread-1 : Info from Arduino: Pump stopped
2021-01-24 10:57:19,125 INFO werkzeug Thread-55 : Pump is OFF
2021-01-24 10:57:23,229 INFO werkzeug Thread-1 : Info from Arduino: Pump start
2021-01-24 10:57:23,621 INFO werkzeug Thread-57 : Pump is ON
2021-01-24 10:57:28,730 INFO werkzeug Thread-1 : Info from Arduino: Pump stopped
2021-01-24 10:57:29,124 INFO werkzeug Thread-57 : Pump is OFF
2021-01-24 10:57:35,960 INFO werkzeug MainThread :  * Running on http://0.0.0.0:5000/ (Press CTRL+C to quit)
2021-01-24 10:57:46,072 INFO werkzeug Thread-1 : Info from Arduino: Pump start
2021-01-24 10:57:46,174 INFO werkzeug Thread-1 : Info from Arduino: Brightness set to: 80%
2021-01-24 10:57:46,454 INFO werkzeug Thread-3 : Pump is ON
2021-01-24 10:57:46,455 INFO werkzeug Thread-2 : RGB set to 255 0 255
2021-01-24 10:57:46,575 INFO werkzeug Thread-1 : Info from Arduino: LED set to RGB: 255 0 255 
2021-01-24 10:57:46,956 INFO werkzeug Thread-2 : Lights set to 80
2021-01-24 10:57:51,572 INFO werkzeug Thread-1 : Info from Arduino: Pump stopped
2021-01-24 10:57:51,961 INFO werkzeug Thread-3 : Pump is OFF
2021-01-24 10:57:56,069 INFO werkzeug Thread-1 : Info from Arduino: Pump start
2021-01-24 10:57:56,448 INFO werkzeug Thread-5 : Pump is ON
2021-01-24 10:58:01,566 INFO werkzeug Thread-1 : Info from Arduino: Pump stopped
2021-01-24 10:58:01,952 INFO werkzeug Thread-5 : Pump is OFF
2021-01-24 10:58:06,067 INFO werkzeug Thread-1 : Info from Arduino: Pump start
2021-01-24 10:58:06,448 INFO werkzeug Thread-7 : Pump is ON
2021-01-24 10:58:11,564 INFO werkzeug Thread-1 : Info from Arduino: Pump stopped
2021-01-24 10:58:11,953 INFO werkzeug Thread-7 : Pump is OFF
2021-01-24 10:58:16,061 INFO werkzeug Thread-1 : Info from Arduino: Pump start
2021-01-24 10:58:16,448 INFO werkzeug Thread-9 : Pump is ON
2021-01-24 10:58:21,562 INFO werkzeug Thread-1 : Info from Arduino: Pump stopped
2021-01-24 10:58:21,952 INFO werkzeug Thread-9 : Pump is OFF
2021-01-24 10:58:26,059 INFO werkzeug Thread-1 : Info from Arduino: Pump start
2021-01-24 10:58:26,449 INFO werkzeug Thread-11 : Pump is ON
2021-01-24 10:58:31,559 INFO werkzeug Thread-1 : Info from Arduino: Pump stopped
2021-01-24 10:58:31,953 INFO werkzeug Thread-11 : Pump is OFF
2021-01-24 10:58:36,057 INFO werkzeug Thread-1 : Info from Arduino: Pump start
2021-01-24 10:58:36,449 INFO werkzeug Thread-13 : Pump is ON
2021-01-24 10:58:41,561 INFO werkzeug Thread-1 : Info from Arduino: Pump stopped
2021-01-24 10:58:41,953 INFO werkzeug Thread-13 : Pump is OFF
2021-01-24 10:58:46,054 INFO werkzeug Thread-1 : Info from Arduino: Pump start
2021-01-24 10:58:46,449 INFO werkzeug Thread-15 : Pump is ON
2021-01-24 10:58:51,559 INFO werkzeug Thread-1 : Info from Arduino: Pump stopped
2021-01-24 10:58:51,953 INFO werkzeug Thread-15 : Pump is OFF
2021-01-24 10:58:56,057 INFO werkzeug Thread-1 : Info from Arduino: Pump start
2021-01-24 10:58:56,450 INFO werkzeug Thread-17 : Pump is ON
2021-01-24 10:59:01,561 INFO werkzeug Thread-1 : Info from Arduino: Pump stopped
2021-01-24 10:59:01,952 INFO werkzeug Thread-17 : Pump is OFF
2021-01-24 10:59:06,058 INFO werkzeug Thread-1 : Info from Arduino: Pump start
2021-01-24 10:59:06,451 INFO werkzeug Thread-19 : Pump is ON
2021-01-24 10:59:11,563 INFO werkzeug Thread-1 : Info from Arduino: Pump stopped
2021-01-24 10:59:11,956 INFO werkzeug Thread-19 : Pump is OFF
2021-01-24 10:59:16,060 INFO werkzeug Thread-1 : Info from Arduino: Pump start
2021-01-24 10:59:16,451 INFO werkzeug Thread-21 : Pump is ON
2021-01-24 10:59:21,564 INFO werkzeug Thread-1 : Info from Arduino: Pump stopped
2021-01-24 10:59:21,957 INFO werkzeug Thread-21 : Pump is OFF
2021-01-24 10:59:26,058 INFO werkzeug Thread-1 : Info from Arduino: Pump start
2021-01-24 10:59:26,452 INFO werkzeug Thread-23 : Pump is ON
2021-01-24 10:59:31,563 INFO werkzeug Thread-1 : Info from Arduino: Pump stopped
2021-01-24 10:59:31,957 INFO werkzeug Thread-23 : Pump is OFF
2021-01-24 10:59:36,060 INFO werkzeug Thread-1 : Info from Arduino: Pump start
2021-01-24 10:59:36,453 INFO werkzeug Thread-25 : Pump is ON
2021-01-24 10:59:41,564 INFO werkzeug Thread-1 : Info from Arduino: Pump stopped
2021-01-24 10:59:41,956 INFO werkzeug Thread-25 : Pump is OFF
2021-01-24 10:59:46,058 INFO werkzeug Thread-1 : Info from Arduino: Pump start
2021-01-24 10:59:46,453 INFO werkzeug Thread-27 : Pump is ON
2021-01-24 10:59:51,566 INFO werkzeug Thread-1 : Info from Arduino: Pump stopped
2021-01-24 10:59:51,958 INFO werkzeug Thread-27 : Pump is OFF
2021-01-24 10:59:56,059 INFO werkzeug Thread-1 : Info from Arduino: Pump start
2021-01-24 10:59:56,453 INFO werkzeug Thread-29 : Pump is ON
2021-01-24 11:00:01,565 INFO werkzeug Thread-1 : Info from Arduino: Pump stopped
2021-01-24 11:00:01,958 INFO werkzeug Thread-29 : Pump is OFF
2021-01-24 11:00:06,061 INFO werkzeug Thread-1 : Info from Arduino: Pump start
2021-01-24 11:00:06,453 INFO werkzeug Thread-31 : Pump is ON
2021-01-24 11:00:11,562 INFO werkzeug Thread-1 : Info from Arduino: Pump stopped
2021-01-24 11:00:11,956 INFO werkzeug Thread-31 : Pump is OFF
2021-01-24 11:00:16,060 INFO werkzeug Thread-1 : Info from Arduino: Pump start
2021-01-24 11:00:16,454 INFO werkzeug Thread-33 : Pump is ON
2021-01-24 11:00:21,564 INFO werkzeug Thread-1 : Info from Arduino: Pump stopped
2021-01-24 11:00:21,957 INFO werkzeug Thread-33 : Pump is OFF
2021-01-24 11:00:26,062 INFO werkzeug Thread-1 : Info from Arduino: Pump start
2021-01-24 11:00:26,454 INFO werkzeug Thread-35 : Pump is ON
2021-01-24 11:00:31,562 INFO werkzeug Thread-1 : Info from Arduino: Pump stopped
2021-01-24 11:00:31,957 INFO werkzeug Thread-35 : Pump is OFF
2021-01-24 11:00:36,059 INFO werkzeug Thread-1 : Info from Arduino: Pump start
2021-01-24 11:00:36,457 INFO werkzeug Thread-37 : Pump is ON
